<?xml version="1.0" encoding="UTF-8"?>
<!-- Generated by org.testng.reporters.JUnitReportReporter -->
<testsuite hostname="LAPTOP-CUAQ28L6" failures="0" tests="2" name="AuthExample.OAuth2Example" time="3.422" errors="0" timestamp="2024-04-27T23:28:06 IST" skipped="0">
  <testcase classname="AuthExample.OAuth2Example" name="getAccessToken" time="2.934"/>
  <system-out/>
  <testcase classname="AuthExample.OAuth2Example" name="oAuthTest" time="0.488"/>
  <system-out/>
</testsuite> <!-- AuthExample.OAuth2Example -->
