<?xml version="1.0" encoding="UTF-8"?>
<!-- Generated by org.testng.reporters.JUnitReportReporter -->
<testsuite hostname="LAPTOP-CUAQ28L6" failures="0" tests="1" name="Rest_Test.DeleteRecordExample" time="3.112" errors="0" timestamp="2024-04-20T23:06:12 IST" skipped="0">
  <testcase classname="Rest_Test.DeleteRecordExample" name="deleteAPI" time="3.112"/>
  <system-out/>
</testsuite> <!-- Rest_Test.DeleteRecordExample -->
