<?xml version="1.0" encoding="UTF-8"?>
<!-- Generated by org.testng.reporters.JUnitReportReporter -->
<testsuite hostname="LAPTOP-CUAQ28L6" failures="0" tests="1" name="AuthExample.BearerTokenExample" time="2.121" errors="0" timestamp="2024-04-21T23:03:15 IST" skipped="0">
  <testcase classname="AuthExample.BearerTokenExample" name="BearerTest" time="2.121"/>
  <system-out/>
</testsuite> <!-- AuthExample.BearerTokenExample -->
