<?xml version="1.0" encoding="UTF-8"?>
<!-- Generated by org.testng.reporters.JUnitReportReporter -->
<testsuite hostname="LAPTOP-CUAQ28L6" failures="0" tests="1" name="Rest_Test.TestRESTAPI" time="1.870" errors="0" timestamp="2024-04-21T20:40:40 IST" skipped="0">
  <testcase classname="Rest_Test.TestRESTAPI" name="testAPI" time="1.870"/>
  <system-out/>
</testsuite> <!-- Rest_Test.TestRESTAPI -->
