<?xml version="1.0" encoding="UTF-8"?>
<!-- Generated by org.testng.reporters.JUnitReportReporter -->
<testsuite hostname="LAPTOP-CUAQ28L6" failures="0" tests="1" name="Rest_Test.PutExample" time="2.373" errors="0" timestamp="2024-04-20T22:57:37 IST" skipped="0">
  <testcase classname="Rest_Test.PutExample" name="putTest" time="2.373"/>
  <system-out/>
</testsuite> <!-- Rest_Test.PutExample -->
