<?xml version="1.0" encoding="UTF-8"?>
<!-- Generated by org.testng.reporters.JUnitReportReporter -->
<testsuite hostname="LAPTOP-CUAQ28L6" failures="0" tests="1" name="AuthExample.BasicAuthExample" time="2.279" errors="0" timestamp="2024-04-21T21:34:09 IST" skipped="0">
  <testcase classname="AuthExample.BasicAuthExample" name="PreEmptiveAuth" time="2.279"/>
  <system-out/>
</testsuite> <!-- AuthExample.BasicAuthExample -->
