<?xml version="1.0" encoding="UTF-8"?>
<!-- Generated by org.testng.reporters.JUnitReportReporter -->
<testsuite hostname="LAPTOP-CUAQ28L6" failures="0" tests="1" name="Rest_Test.PostExampleForRegisterSuccess$PostRegisterSuccess" time="2.599" errors="0" timestamp="2024-04-20T22:48:55 IST" skipped="0">
  <testcase classname="Rest_Test.PostExampleForRegisterSuccess$PostRegisterSuccess" name="postTest" time="2.599"/>
  <system-out/>
</testsuite> <!-- Rest_Test.PostExampleForRegisterSuccess$PostRegisterSuccess -->
