<?xml version="1.0" encoding="UTF-8"?>
<!-- Generated by org.testng.reporters.JUnitReportReporter -->
<testsuite hostname="LAPTOP-CUAQ28L6" failures="0" tests="1" name="AuthExample.DigestAuthExample" time="2.934" errors="0" timestamp="2024-04-21T22:31:54 IST" skipped="0">
  <testcase classname="AuthExample.DigestAuthExample" name="digestTestMD5" time="2.934"/>
  <system-out/>
</testsuite> <!-- AuthExample.DigestAuthExample -->
