<?xml version="1.0" encoding="UTF-8"?>
<!-- Generated by org.testng.reporters.JUnitReportReporter -->
<testsuite hostname="LAPTOP-CUAQ28L6" failures="0" tests="1" name="Rest_Test.HeaderValidation" time="1.848" errors="0" timestamp="2024-04-20T23:18:51 IST" skipped="0">
  <testcase classname="Rest_Test.HeaderValidation" name="headerTest" time="1.848"/>
  <system-out/>
</testsuite> <!-- Rest_Test.HeaderValidation -->
