<?xml version="1.0" encoding="UTF-8"?>
<!-- Generated by org.testng.reporters.JUnitReportReporter -->
<testsuite hostname="LAPTOP-CUAQ28L6" failures="0" tests="1" name="AuthExample.QueryParameterExample" time="1.752" errors="0" timestamp="2024-04-27T22:29:26 IST" skipped="0">
  <testcase classname="AuthExample.QueryParameterExample" name="testAPI" time="1.752"/>
  <system-out/>
</testsuite> <!-- AuthExample.QueryParameterExample -->
