<?xml version="1.0" encoding="UTF-8"?>
<!-- Generated by org.testng.reporters.JUnitReportReporter -->
<testsuite skipped="0" hostname="LAPTOP-CUAQ28L6" name="RestAssured.RestAssuredProject.TestRESTAPI" tests="2" failures="0" timestamp="2024-04-20T22:12:30 IST" time="2.452" errors="0">
  <testcase name="testlistUserAPI" time="0.552" classname="RestAssured.RestAssuredProject.TestRESTAPI"/>
  <system-out/>
  <testcase name="testAPI" time="1.900" classname="RestAssured.RestAssuredProject.TestRESTAPI"/>
  <system-out/>
</testsuite> <!-- RestAssured.RestAssuredProject.TestRESTAPI -->
